<?xml version="1.0" encoding="UTF-8"?>
<testsuites name="SauceDemo" time="225.694" tests="11" failures="0" errors="0">
   <testsuite name="SauceDemo" tests="11" failures="0" errors="0" time="225.694" skipped="0" timestamp="25-05-2024T20:50:13" hostname="EC682SV - IN3514483W1.ey.net" id="Test Suites/SauceDemo">
      <properties>
         <property name="deviceName" value=""/>
         <property name="devicePlatform" value=""/>
         <property name="logFolder" value="C:\\Users\\EC682SV\\git\\KatalonTraining\\Reports\\20240525_205007\\SauceDemo\\20240525_205007"/>
         <property name="logFiles" value="C:\\Users\\EC682SV\\git\\KatalonTraining\\Reports\\20240525_205007\\SauceDemo\\20240525_205007\\execution0.log"/>
         <property name="attachments" value=""/>
         <property name="hostName" value="EC682SV - IN3514483W1.ey.net"/>
         <property name="os" value="Windows 10 64bit"/>
         <property name="katalonVersion" value="9.4.0.212"/>
         <property name="browser" value="Chrome 125.0.0.0"/>
         <property name="hostAddress" value="192.168.1.3"/>
         <property name="sessionId" value="61ccd9720e5762a39f51a0699244fa71"/>
         <property name="seleniumVersion" value="3.141.59"/>
         <property name="proxyInformation" value="ProxyInformation { proxyOption=NO_PROXY, proxyServerType=HTTP, username=, password=********, proxyServerAddress=, proxyServerPort=0, executionList=&quot;&quot;, isApplyToDesiredCapabilities=true }"/>
         <property name="platform" value="Windows 10"/>
      </properties>
      <testcase name="Test Cases/verifyLoginBtn" time="10.644" classname="Test Cases/verifyLoginBtn" status="PASSED">
         <system-out><![CDATA[25-05-2024T20:50:13 - [TEST_CASE][PASSED] - Test Cases/verifyLoginBtn: Test Cases/verifyLoginBtn

25-05-2024T20:50:14 - [TEST_STEP][PASSED] - openBrowser(""): Browser is opened with url: ''

25-05-2024T20:50:15 - [MESSAGE][INFO] - Starting 'Chrome' driver

25-05-2024T20:50:15 - [MESSAGE][INFO] - Action delay is set to 0 milliseconds

25-05-2024T20:50:22 - [MESSAGE][PASSED] - Browser is opened with url: ''

25-05-2024T20:50:22 - [TEST_STEP][PASSED] - navigateToUrl("https://www.saucedemo.com/v1/"): Navigate to 'https://www.saucedemo.com/v1/' successfully

25-05-2024T20:50:23 - [MESSAGE][PASSED] - Navigate to 'https://www.saucedemo.com/v1/' successfully

25-05-2024T20:50:23 - [TEST_STEP][PASSED] - verifyElementPresent(findTestObject("Object Repository/Page_Swag Labs/input_standard_userlocked_out_userproblem_u_0dff71"), 0): Object 'Object Repository/Page_Swag Labs/input_standard_userlocked_out_userproblem_u_0dff71' is present

25-05-2024T20:50:23 - [MESSAGE][WARNING] - Timeout '0' is invalid. Using default page load timeout: '30'

25-05-2024T20:50:23 - [MESSAGE][PASSED] - Object 'Object Repository/Page_Swag Labs/input_standard_userlocked_out_userproblem_u_0dff71' is present

25-05-2024T20:50:23 - [TEST_STEP][PASSED] - closeBrowser(): Browser is closed

25-05-2024T20:50:24 - [MESSAGE][PASSED] - Browser is closed]]></system-out>
         <system-err><![CDATA[]]></system-err>
      </testcase>
      <testcase name="Test Cases/verifyTitle" time="7.622" classname="Test Cases/verifyTitle" status="PASSED">
         <system-out><![CDATA[25-05-2024T20:50:24 - [TEST_CASE][PASSED] - Test Cases/verifyTitle: Test Cases/verifyTitle

25-05-2024T20:50:24 - [TEST_STEP][PASSED] - openBrowser(""): Browser is opened with url: ''

25-05-2024T20:50:24 - [MESSAGE][INFO] - Starting 'Chrome' driver

25-05-2024T20:50:24 - [MESSAGE][INFO] - Action delay is set to 0 milliseconds

25-05-2024T20:50:29 - [MESSAGE][PASSED] - Browser is opened with url: ''

25-05-2024T20:50:29 - [TEST_STEP][PASSED] - navigateToUrl("http://www.saucedemo.com/v1/"): Navigate to 'http://www.saucedemo.com/v1/' successfully

25-05-2024T20:50:31 - [MESSAGE][PASSED] - Navigate to 'http://www.saucedemo.com/v1/' successfully

25-05-2024T20:50:31 - [TEST_STEP][PASSED] - title = getWindowTitle(): Current window's title is: 'Swag Labs'

25-05-2024T20:50:31 - [MESSAGE][PASSED] - Current window's title is: 'Swag Labs'

25-05-2024T20:50:31 - [TEST_STEP][PASSED] - verifyEqual(title, "Swag Labs"): Actual object 'Swag Labs' and expected object 'Swag Labs' are equal

25-05-2024T20:50:31 - [MESSAGE][PASSED] - Actual object 'Swag Labs' and expected object 'Swag Labs' are equal

25-05-2024T20:50:31 - [TEST_STEP][PASSED] - closeBrowser(): Browser is closed

25-05-2024T20:50:32 - [MESSAGE][PASSED] - Browser is closed]]></system-out>
         <system-err><![CDATA[]]></system-err>
      </testcase>
      <testcase name="Test Cases/verifyURL" time="7.937" classname="Test Cases/verifyURL" status="PASSED">
         <system-out><![CDATA[25-05-2024T20:50:32 - [TEST_CASE][PASSED] - Test Cases/verifyURL: Test Cases/verifyURL

25-05-2024T20:50:32 - [TEST_STEP][PASSED] - openBrowser(""): Browser is opened with url: ''

25-05-2024T20:50:32 - [MESSAGE][INFO] - Starting 'Chrome' driver

25-05-2024T20:50:32 - [MESSAGE][INFO] - Action delay is set to 0 milliseconds

25-05-2024T20:50:38 - [MESSAGE][PASSED] - Browser is opened with url: ''

25-05-2024T20:50:38 - [TEST_STEP][PASSED] - navigateToUrl("http://www.saucedemo.com/v1/"): Navigate to 'http://www.saucedemo.com/v1/' successfully

25-05-2024T20:50:39 - [MESSAGE][PASSED] - Navigate to 'http://www.saucedemo.com/v1/' successfully

25-05-2024T20:50:39 - [TEST_STEP][PASSED] - url = getUrl(): Current window's url is: 'https://www.saucedemo.com/v1/'

25-05-2024T20:50:39 - [MESSAGE][PASSED] - Current window's url is: 'https://www.saucedemo.com/v1/'

25-05-2024T20:50:39 - [TEST_STEP][PASSED] - verifyEqual(url, "https://www.saucedemo.com/v1/"): Actual object 'https://www.saucedemo.com/v1/' and expected object 'https://www.saucedemo.com/v1/' are equal

25-05-2024T20:50:39 - [MESSAGE][PASSED] - Actual object 'https://www.saucedemo.com/v1/' and expected object 'https://www.saucedemo.com/v1/' are equal

25-05-2024T20:50:39 - [TEST_STEP][PASSED] - closeBrowser(): Browser is closed

25-05-2024T20:50:40 - [MESSAGE][PASSED] - Browser is closed]]></system-out>
         <system-err><![CDATA[]]></system-err>
      </testcase>
      <testcase name="Test Cases/verifyUsername" time="9.042" classname="Test Cases/verifyUsername" status="PASSED">
         <system-out><![CDATA[25-05-2024T20:50:40 - [TEST_CASE][PASSED] - Test Cases/verifyUsername: Test Cases/verifyUsername

25-05-2024T20:50:40 - [TEST_STEP][PASSED] - openBrowser(""): Browser is opened with url: ''

25-05-2024T20:50:40 - [MESSAGE][INFO] - Starting 'Chrome' driver

25-05-2024T20:50:40 - [MESSAGE][INFO] - Action delay is set to 0 milliseconds

25-05-2024T20:50:47 - [MESSAGE][PASSED] - Browser is opened with url: ''

25-05-2024T20:50:47 - [TEST_STEP][PASSED] - navigateToUrl("https://www.saucedemo.com/v1/"): Navigate to 'https://www.saucedemo.com/v1/' successfully

25-05-2024T20:50:48 - [MESSAGE][PASSED] - Navigate to 'https://www.saucedemo.com/v1/' successfully

25-05-2024T20:50:48 - [TEST_STEP][PASSED] - verifyElementPresent(findTestObject("Object Repository/Page_Swag Labs/div_Accepted usernames are                s_40dcc1"), 0): Object 'Object Repository/Page_Swag Labs/div_Accepted usernames are                s_40dcc1' is present

25-05-2024T20:50:48 - [MESSAGE][WARNING] - Timeout '0' is invalid. Using default page load timeout: '30'

25-05-2024T20:50:48 - [MESSAGE][PASSED] - Object 'Object Repository/Page_Swag Labs/div_Accepted usernames are                s_40dcc1' is present

25-05-2024T20:50:48 - [TEST_STEP][PASSED] - closeBrowser(): Browser is closed

25-05-2024T20:50:49 - [MESSAGE][PASSED] - Browser is closed]]></system-out>
         <system-err><![CDATA[]]></system-err>
      </testcase>
      <testcase name="Test Cases/verifyPassword" time="7.044" classname="Test Cases/verifyPassword" status="PASSED">
         <system-out><![CDATA[25-05-2024T20:50:49 - [TEST_CASE][PASSED] - Test Cases/verifyPassword: Test Cases/verifyPassword

25-05-2024T20:50:49 - [TEST_STEP][PASSED] - openBrowser(""): Browser is opened with url: ''

25-05-2024T20:50:49 - [MESSAGE][INFO] - Starting 'Chrome' driver

25-05-2024T20:50:49 - [MESSAGE][INFO] - Action delay is set to 0 milliseconds

25-05-2024T20:50:54 - [MESSAGE][PASSED] - Browser is opened with url: ''

25-05-2024T20:50:54 - [TEST_STEP][PASSED] - navigateToUrl("https://www.saucedemo.com/v1/"): Navigate to 'https://www.saucedemo.com/v1/' successfully

25-05-2024T20:50:55 - [MESSAGE][PASSED] - Navigate to 'https://www.saucedemo.com/v1/' successfully

25-05-2024T20:50:55 - [TEST_STEP][PASSED] - verifyElementPresent(findTestObject("Object Repository/Page_Swag Labs/div_Password for all users                s_477655"), 0): Object 'Object Repository/Page_Swag Labs/div_Password for all users                s_477655' is present

25-05-2024T20:50:55 - [MESSAGE][WARNING] - Timeout '0' is invalid. Using default page load timeout: '30'

25-05-2024T20:50:55 - [MESSAGE][PASSED] - Object 'Object Repository/Page_Swag Labs/div_Password for all users                s_477655' is present

25-05-2024T20:50:55 - [TEST_STEP][PASSED] - closeBrowser(): Browser is closed

25-05-2024T20:50:56 - [MESSAGE][PASSED] - Browser is closed]]></system-out>
         <system-err><![CDATA[]]></system-err>
      </testcase>
      <testcase name="Test Cases/VerifyLogin" time="9.258" classname="Test Cases/VerifyLogin" status="PASSED">
         <system-out><![CDATA[25-05-2024T20:50:56 - [TEST_CASE][PASSED] - Test Cases/VerifyLogin: Test Cases/VerifyLogin

25-05-2024T20:50:56 - [TEST_STEP][PASSED] - openBrowser(""): Browser is opened with url: ''

25-05-2024T20:50:56 - [MESSAGE][INFO] - Starting 'Chrome' driver

25-05-2024T20:50:56 - [MESSAGE][INFO] - Action delay is set to 0 milliseconds

25-05-2024T20:51:01 - [MESSAGE][PASSED] - Browser is opened with url: ''

25-05-2024T20:51:01 - [TEST_STEP][PASSED] - navigateToUrl("https://www.saucedemo.com/v1/"): Navigate to 'https://www.saucedemo.com/v1/' successfully

25-05-2024T20:51:02 - [MESSAGE][PASSED] - Navigate to 'https://www.saucedemo.com/v1/' successfully

25-05-2024T20:51:02 - [TEST_STEP][PASSED] - setText(findTestObject("Object Repository/Page_Swag Labs/input_standard_userlocked_out_userproblem_u_db77ac"), "standard_user"): Text 'standard_user' is set on object 'Object Repository/Page_Swag Labs/input_standard_userlocked_out_userproblem_u_db77ac'

25-05-2024T20:51:03 - [MESSAGE][PASSED] - Text 'standard_user' is set on object 'Object Repository/Page_Swag Labs/input_standard_userlocked_out_userproblem_u_db77ac'

25-05-2024T20:51:03 - [TEST_STEP][PASSED] - setEncryptedText(findTestObject("Object Repository/Page_Swag Labs/input_standard_userlocked_out_userproblem_u_3423e9"), "qcu24s4901FyWDTwXGr6XA=="): Text ****** has been set on object 'Object Repository/Page_Swag Labs/input_standard_userlocked_out_userproblem_u_3423e9'

25-05-2024T20:51:03 - [MESSAGE][PASSED] - Text ****** has been set on object 'Object Repository/Page_Swag Labs/input_standard_userlocked_out_userproblem_u_3423e9'

25-05-2024T20:51:03 - [TEST_STEP][PASSED] - click(findTestObject("Object Repository/Page_Swag Labs/input_standard_userlocked_out_userproblem_u_0dff71")): Object: 'Object Repository/Page_Swag Labs/input_standard_userlocked_out_userproblem_u_0dff71' is clicked on

25-05-2024T20:51:04 - [MESSAGE][PASSED] - Object: 'Object Repository/Page_Swag Labs/input_standard_userlocked_out_userproblem_u_0dff71' is clicked on

25-05-2024T20:51:04 - [TEST_STEP][PASSED] - verifyElementText(findTestObject("Object Repository/Page_Swag Labs/div_Products"), "Products"): Actual text and expected text of test object 'Object Repository/Page_Swag Labs/div_Products' are matched.

25-05-2024T20:51:04 - [MESSAGE][PASSED] - Actual text and expected text of test object 'Object Repository/Page_Swag Labs/div_Products' are matched.

25-05-2024T20:51:04 - [TEST_STEP][PASSED] - closeBrowser(): Browser is closed

25-05-2024T20:51:05 - [MESSAGE][PASSED] - Browser is closed]]></system-out>
         <system-err><![CDATA[]]></system-err>
      </testcase>
      <testcase name="Test Cases/VerifyInvalidLogin" time="16.294" classname="Test Cases/VerifyInvalidLogin" status="PASSED">
         <system-out><![CDATA[25-05-2024T20:51:05 - [TEST_CASE][PASSED] - Test Cases/VerifyInvalidLogin: Test Cases/VerifyInvalidLogin

25-05-2024T20:51:05 - [TEST_STEP][PASSED] - openBrowser(""): Browser is opened with url: ''

25-05-2024T20:51:05 - [MESSAGE][INFO] - Starting 'Chrome' driver

25-05-2024T20:51:05 - [MESSAGE][INFO] - Action delay is set to 0 milliseconds

25-05-2024T20:51:19 - [MESSAGE][PASSED] - Browser is opened with url: ''

25-05-2024T20:51:19 - [TEST_STEP][PASSED] - navigateToUrl("https://www.saucedemo.com/v1/"): Navigate to 'https://www.saucedemo.com/v1/' successfully

25-05-2024T20:51:20 - [MESSAGE][PASSED] - Navigate to 'https://www.saucedemo.com/v1/' successfully

25-05-2024T20:51:20 - [TEST_STEP][PASSED] - setText(findTestObject("Object Repository/Page_Swag Labs/input_standard_userlocked_out_userproblem_u_db77ac"), "standard_user"): Text 'standard_user' is set on object 'Object Repository/Page_Swag Labs/input_standard_userlocked_out_userproblem_u_db77ac'

25-05-2024T20:51:20 - [MESSAGE][PASSED] - Text 'standard_user' is set on object 'Object Repository/Page_Swag Labs/input_standard_userlocked_out_userproblem_u_db77ac'

25-05-2024T20:51:20 - [TEST_STEP][PASSED] - setEncryptedText(findTestObject("Object Repository/Page_Swag Labs/input_standard_userlocked_out_userproblem_u_3423e9"), "wwqXy82vnkA="): Text ****** has been set on object 'Object Repository/Page_Swag Labs/input_standard_userlocked_out_userproblem_u_3423e9'

25-05-2024T20:51:21 - [MESSAGE][PASSED] - Text ****** has been set on object 'Object Repository/Page_Swag Labs/input_standard_userlocked_out_userproblem_u_3423e9'

25-05-2024T20:51:21 - [TEST_STEP][PASSED] - click(findTestObject("Object Repository/Page_Swag Labs/input_standard_userlocked_out_userproblem_u_0dff71")): Object: 'Object Repository/Page_Swag Labs/input_standard_userlocked_out_userproblem_u_0dff71' is clicked on

25-05-2024T20:51:21 - [MESSAGE][PASSED] - Object: 'Object Repository/Page_Swag Labs/input_standard_userlocked_out_userproblem_u_0dff71' is clicked on

25-05-2024T20:51:21 - [TEST_STEP][PASSED] - verifyElementText(findTestObject("Object Repository/Page_Swag Labs/h3_Epic sadface Username and password do no_0e8909"), "Epic sadface: Username and password do not match any user in this service"): Actual text and expected text of test object 'Object Repository/Page_Swag Labs/h3_Epic sadface Username and password do no_0e8909' are matched.

25-05-2024T20:51:21 - [MESSAGE][PASSED] - Actual text and expected text of test object 'Object Repository/Page_Swag Labs/h3_Epic sadface Username and password do no_0e8909' are matched.

25-05-2024T20:51:21 - [TEST_STEP][PASSED] - closeBrowser(): Browser is closed

25-05-2024T20:51:21 - [MESSAGE][PASSED] - Browser is closed]]></system-out>
         <system-err><![CDATA[]]></system-err>
      </testcase>
      <testcase name="Test Cases/VerifyBlankPassword" time="8.764" classname="Test Cases/VerifyBlankPassword" status="PASSED">
         <system-out><![CDATA[25-05-2024T20:53:25 - [TEST_CASE][PASSED] - Test Cases/VerifyBlankPassword: Test Cases/VerifyBlankPassword

25-05-2024T20:53:25 - [TEST_STEP][PASSED] - openBrowser(""): Browser is opened with url: ''

25-05-2024T20:53:25 - [MESSAGE][WARNING] - A browser is already opened. Closing browser and opening a new one

25-05-2024T20:53:26 - [MESSAGE][INFO] - Starting 'Chrome' driver

25-05-2024T20:53:26 - [MESSAGE][INFO] - Action delay is set to 0 milliseconds

25-05-2024T20:53:32 - [MESSAGE][PASSED] - Browser is opened with url: ''

25-05-2024T20:53:32 - [TEST_STEP][PASSED] - navigateToUrl("https://www.saucedemo.com/v1/"): Navigate to 'https://www.saucedemo.com/v1/' successfully

25-05-2024T20:53:33 - [MESSAGE][PASSED] - Navigate to 'https://www.saucedemo.com/v1/' successfully

25-05-2024T20:53:33 - [TEST_STEP][PASSED] - setText(findTestObject("Object Repository/Page_Swag Labs/input_standard_userlocked_out_userproblem_u_db77ac"), "standard_user"): Text 'standard_user' is set on object 'Object Repository/Page_Swag Labs/input_standard_userlocked_out_userproblem_u_db77ac'

25-05-2024T20:53:33 - [MESSAGE][PASSED] - Text 'standard_user' is set on object 'Object Repository/Page_Swag Labs/input_standard_userlocked_out_userproblem_u_db77ac'

25-05-2024T20:53:33 - [TEST_STEP][PASSED] - click(findTestObject("Object Repository/Page_Swag Labs/input_standard_userlocked_out_userproblem_u_0dff71")): Object: 'Object Repository/Page_Swag Labs/input_standard_userlocked_out_userproblem_u_0dff71' is clicked on

25-05-2024T20:53:34 - [MESSAGE][PASSED] - Object: 'Object Repository/Page_Swag Labs/input_standard_userlocked_out_userproblem_u_0dff71' is clicked on

25-05-2024T20:53:34 - [TEST_STEP][PASSED] - verifyElementText(findTestObject("Object Repository/Page_Swag Labs/h3_Epic sadface Password is required"), "Epic sadface: Password is required"): Actual text and expected text of test object 'Object Repository/Page_Swag Labs/h3_Epic sadface Password is required' are matched.

25-05-2024T20:53:34 - [MESSAGE][PASSED] - Actual text and expected text of test object 'Object Repository/Page_Swag Labs/h3_Epic sadface Password is required' are matched.

25-05-2024T20:53:34 - [TEST_STEP][PASSED] - closeBrowser(): Browser is closed

25-05-2024T20:53:34 - [MESSAGE][PASSED] - Browser is closed]]></system-out>
         <system-err><![CDATA[]]></system-err>
      </testcase>
      <testcase name="Test Cases/verifyBlankUsernamePassword" time="7.13" classname="Test Cases/verifyBlankUsernamePassword" status="PASSED">
         <system-out><![CDATA[25-05-2024T20:53:34 - [TEST_CASE][PASSED] - Test Cases/verifyBlankUsernamePassword: Test Cases/verifyBlankUsernamePassword

25-05-2024T20:53:34 - [TEST_STEP][PASSED] - openBrowser(""): Browser is opened with url: ''

25-05-2024T20:53:34 - [MESSAGE][INFO] - Starting 'Chrome' driver

25-05-2024T20:53:34 - [MESSAGE][INFO] - Action delay is set to 0 milliseconds

25-05-2024T20:53:40 - [MESSAGE][PASSED] - Browser is opened with url: ''

25-05-2024T20:53:40 - [TEST_STEP][PASSED] - navigateToUrl("https://www.saucedemo.com/v1/"): Navigate to 'https://www.saucedemo.com/v1/' successfully

25-05-2024T20:53:40 - [MESSAGE][PASSED] - Navigate to 'https://www.saucedemo.com/v1/' successfully

25-05-2024T20:53:40 - [TEST_STEP][PASSED] - click(findTestObject("Object Repository/Page_Swag Labs/input_standard_userlocked_out_userproblem_u_0dff71")): Object: 'Object Repository/Page_Swag Labs/input_standard_userlocked_out_userproblem_u_0dff71' is clicked on

25-05-2024T20:53:41 - [MESSAGE][PASSED] - Object: 'Object Repository/Page_Swag Labs/input_standard_userlocked_out_userproblem_u_0dff71' is clicked on

25-05-2024T20:53:41 - [TEST_STEP][PASSED] - verifyElementText(findTestObject("Object Repository/Page_Swag Labs/h3_Epic sadface Username is required"), "Epic sadface: Username is required"): Actual text and expected text of test object 'Object Repository/Page_Swag Labs/h3_Epic sadface Username is required' are matched.

25-05-2024T20:53:41 - [MESSAGE][PASSED] - Actual text and expected text of test object 'Object Repository/Page_Swag Labs/h3_Epic sadface Username is required' are matched.

25-05-2024T20:53:41 - [TEST_STEP][PASSED] - closeBrowser(): Browser is closed

25-05-2024T20:53:41 - [MESSAGE][PASSED] - Browser is closed]]></system-out>
         <system-err><![CDATA[]]></system-err>
      </testcase>
      <testcase name="Test Cases/verifyTwitterLink" time="9.499" classname="Test Cases/verifyTwitterLink" status="PASSED">
         <system-out><![CDATA[25-05-2024T20:53:41 - [TEST_CASE][PASSED] - Test Cases/verifyTwitterLink: Test Cases/verifyTwitterLink

25-05-2024T20:53:41 - [TEST_STEP][PASSED] - openBrowser(""): Browser is opened with url: ''

25-05-2024T20:53:41 - [MESSAGE][INFO] - Starting 'Chrome' driver

25-05-2024T20:53:41 - [MESSAGE][INFO] - Action delay is set to 0 milliseconds

25-05-2024T20:53:48 - [MESSAGE][PASSED] - Browser is opened with url: ''

25-05-2024T20:53:48 - [TEST_STEP][PASSED] - navigateToUrl("https://www.saucedemo.com/v1/"): Navigate to 'https://www.saucedemo.com/v1/' successfully

25-05-2024T20:53:49 - [MESSAGE][PASSED] - Navigate to 'https://www.saucedemo.com/v1/' successfully

25-05-2024T20:53:49 - [TEST_STEP][PASSED] - setText(findTestObject("Object Repository/Page_Swag Labs/input_standard_userlocked_out_userproblem_u_db77ac"), "problem_user"): Text 'problem_user' is set on object 'Object Repository/Page_Swag Labs/input_standard_userlocked_out_userproblem_u_db77ac'

25-05-2024T20:53:49 - [MESSAGE][PASSED] - Text 'problem_user' is set on object 'Object Repository/Page_Swag Labs/input_standard_userlocked_out_userproblem_u_db77ac'

25-05-2024T20:53:49 - [TEST_STEP][PASSED] - setEncryptedText(findTestObject("Object Repository/Page_Swag Labs/input_standard_userlocked_out_userproblem_u_3423e9"), "qcu24s4901FyWDTwXGr6XA=="): Text ****** has been set on object 'Object Repository/Page_Swag Labs/input_standard_userlocked_out_userproblem_u_3423e9'

25-05-2024T20:53:49 - [MESSAGE][PASSED] - Text ****** has been set on object 'Object Repository/Page_Swag Labs/input_standard_userlocked_out_userproblem_u_3423e9'

25-05-2024T20:53:49 - [TEST_STEP][PASSED] - click(findTestObject("Object Repository/Page_Swag Labs/input_standard_userlocked_out_userproblem_u_0dff71")): Object: 'Object Repository/Page_Swag Labs/input_standard_userlocked_out_userproblem_u_0dff71' is clicked on

25-05-2024T20:53:50 - [MESSAGE][PASSED] - Object: 'Object Repository/Page_Swag Labs/input_standard_userlocked_out_userproblem_u_0dff71' is clicked on

25-05-2024T20:53:50 - [TEST_STEP][PASSED] - verifyElementPresent(findTestObject("Object Repository/Page_Swag Labs/li_Twitter"), 0): Object 'Object Repository/Page_Swag Labs/li_Twitter' is present

25-05-2024T20:53:50 - [MESSAGE][WARNING] - Timeout '0' is invalid. Using default page load timeout: '30'

25-05-2024T20:53:50 - [MESSAGE][PASSED] - Object 'Object Repository/Page_Swag Labs/li_Twitter' is present

25-05-2024T20:53:50 - [TEST_STEP][PASSED] - closeBrowser(): Browser is closed

25-05-2024T20:53:51 - [MESSAGE][PASSED] - Browser is closed]]></system-out>
         <system-err><![CDATA[]]></system-err>
      </testcase>
      <testcase name="Test Cases/verifyFacebookLink" time="8.074" classname="Test Cases/verifyFacebookLink" status="PASSED">
         <system-out><![CDATA[25-05-2024T20:53:51 - [TEST_CASE][PASSED] - Test Cases/verifyFacebookLink: Test Cases/verifyFacebookLink

25-05-2024T20:53:51 - [TEST_STEP][PASSED] - openBrowser(""): Browser is opened with url: ''

25-05-2024T20:53:51 - [MESSAGE][INFO] - Starting 'Chrome' driver

25-05-2024T20:53:51 - [MESSAGE][INFO] - Action delay is set to 0 milliseconds

25-05-2024T20:53:56 - [MESSAGE][PASSED] - Browser is opened with url: ''

25-05-2024T20:53:56 - [TEST_STEP][PASSED] - navigateToUrl("https://www.saucedemo.com/v1/"): Navigate to 'https://www.saucedemo.com/v1/' successfully

25-05-2024T20:53:57 - [MESSAGE][PASSED] - Navigate to 'https://www.saucedemo.com/v1/' successfully

25-05-2024T20:53:57 - [TEST_STEP][PASSED] - setText(findTestObject("Object Repository/Page_Swag Labs/input_standard_userlocked_out_userproblem_u_db77ac"), "problem_user"): Text 'problem_user' is set on object 'Object Repository/Page_Swag Labs/input_standard_userlocked_out_userproblem_u_db77ac'

25-05-2024T20:53:57 - [MESSAGE][PASSED] - Text 'problem_user' is set on object 'Object Repository/Page_Swag Labs/input_standard_userlocked_out_userproblem_u_db77ac'

25-05-2024T20:53:57 - [TEST_STEP][PASSED] - setEncryptedText(findTestObject("Object Repository/Page_Swag Labs/input_standard_userlocked_out_userproblem_u_3423e9"), "qcu24s4901FyWDTwXGr6XA=="): Text ****** has been set on object 'Object Repository/Page_Swag Labs/input_standard_userlocked_out_userproblem_u_3423e9'

25-05-2024T20:53:58 - [MESSAGE][PASSED] - Text ****** has been set on object 'Object Repository/Page_Swag Labs/input_standard_userlocked_out_userproblem_u_3423e9'

25-05-2024T20:53:58 - [TEST_STEP][PASSED] - click(findTestObject("Object Repository/Page_Swag Labs/input_standard_userlocked_out_userproblem_u_0dff71")): Object: 'Object Repository/Page_Swag Labs/input_standard_userlocked_out_userproblem_u_0dff71' is clicked on

25-05-2024T20:53:58 - [MESSAGE][PASSED] - Object: 'Object Repository/Page_Swag Labs/input_standard_userlocked_out_userproblem_u_0dff71' is clicked on

25-05-2024T20:53:58 - [TEST_STEP][PASSED] - verifyElementPresent(findTestObject("Object Repository/Page_Swag Labs/li_Facebook"), 0): Object 'Object Repository/Page_Swag Labs/li_Facebook' is present

25-05-2024T20:53:58 - [MESSAGE][WARNING] - Timeout '0' is invalid. Using default page load timeout: '30'

25-05-2024T20:53:58 - [MESSAGE][PASSED] - Object 'Object Repository/Page_Swag Labs/li_Facebook' is present

25-05-2024T20:53:58 - [TEST_STEP][PASSED] - closeBrowser(): Browser is closed

25-05-2024T20:53:59 - [MESSAGE][PASSED] - Browser is closed]]></system-out>
         <system-err><![CDATA[]]></system-err>
      </testcase>
      <system-out><![CDATA[25-05-2024T20:50:13 - [TEST_SUITE][FAILED] - SauceDemo: Test Cases/VerifyBlankPassword FAILED.
Reason:
com.kms.katalon.core.exception.StepFailedException: Unable to navigate to 'https://www.saucedemo.com/v1/'
	at com.kms.katalon.core.webui.keyword.internal.WebUIKeywordMain.stepFailed(WebUIKeywordMain.groovy:64)
	at com.kms.katalon.core.webui.keyword.internal.WebUIKeywordMain.runKeyword(WebUIKeywordMain.groovy:26)
	at com.kms.katalon.core.webui.keyword.builtin.NavigateToUrlKeyword.navigateToUrl(NavigateToUrlKeyword.groovy:83)
	at com.kms.katalon.core.webui.keyword.builtin.NavigateToUrlKeyword.execute(NavigateToUrlKeyword.groovy:67)
	at com.kms.katalon.core.keyword.internal.KeywordExecutor.executeKeywordForPlatform(KeywordExecutor.groovy:74)
	at com.kms.katalon.core.webui.keyword.WebUiBuiltInKeywords.navigateToUrl(WebUiBuiltInKeywords.groovy:187)
	at VerifyBlankPassword.run(VerifyBlankPassword:22)
	at com.kms.katalon.core.main.ScriptEngine.run(ScriptEngine.java:194)
	at com.kms.katalon.core.main.ScriptEngine.runScriptAsRawText(ScriptEngine.java:119)
	at com.kms.katalon.core.main.TestCaseExecutor.runScript(TestCaseExecutor.java:448)
	at com.kms.katalon.core.main.TestCaseExecutor.doExecute(TestCaseExecutor.java:439)
	at com.kms.katalon.core.main.TestCaseExecutor.processExecutionPhase(TestCaseExecutor.java:418)
	at com.kms.katalon.core.main.TestCaseExecutor.accessMainPhase(TestCaseExecutor.java:410)
	at com.kms.katalon.core.main.TestCaseExecutor.execute(TestCaseExecutor.java:285)
	at com.kms.katalon.core.common.CommonExecutor.accessTestCaseMainPhase(CommonExecutor.java:65)
	at com.kms.katalon.core.main.TestSuiteExecutor.accessTestSuiteMainPhase(TestSuiteExecutor.java:150)
	at com.kms.katalon.core.main.TestSuiteExecutor.execute(TestSuiteExecutor.java:106)
	at com.kms.katalon.core.main.TestCaseMain.startTestSuite(TestCaseMain.java:180)
	at TempTestSuite1716650407632.run(TempTestSuite1716650407632.groovy:35)
	at java.base/jdk.internal.reflect.NativeMethodAccessorImpl.invoke0(Native Method)
	at java.base/jdk.internal.reflect.NativeMethodAccessorImpl.invoke(NativeMethodAccessorImpl.java:77)
	at java.base/jdk.internal.reflect.DelegatingMethodAccessorImpl.invoke(DelegatingMethodAccessorImpl.java:43)
Caused by: org.openqa.selenium.NoSuchWindowException: no such window: target window already closed
from unknown error: web view not found
  (Session info: chrome=125.0.6422.112)
Build info: version: '3.141.59', revision: 'e82be7d358', time: '2018-11-14T08:25:53'
System info: host: 'IN3514483W1', ip: '192.168.1.3', os.name: 'Windows 10', os.arch: 'amd64', os.version: '10.0', java.version: '17.0.7'
Driver info: com.kms.katalon.selenium.driver.CChromeDriver
Capabilities {acceptInsecureCerts: false, browserName: chrome, browserVersion: 125.0.6422.112, chrome: {chromedriverVersion: 125.0.6422.78 (14db42ec38ad..., userDataDir: C:\Users\EC682SV\AppData\Lo...}, fedcm:accounts: true, goog:chromeOptions: {debuggerAddress: localhost:62616}, javascriptEnabled: true, networkConnectionEnabled: false, pageLoadStrategy: normal, platform: WINDOWS, platformName: WINDOWS, proxy: Proxy(), setWindowRect: true, strictFileInteractability: false, timeouts: {implicit: 0, pageLoad: 300000, script: 30000}, unhandledPromptBehavior: dismiss and notify, webauthn:extension:credBlob: true, webauthn:extension:largeBlob: true, webauthn:extension:minPinLength: true, webauthn:extension:prf: true, webauthn:virtualAuthenticators: true}
Session ID: 626d1ece9417dbb3357fc1f3edc2b8a4
	at java.base/jdk.internal.reflect.NativeConstructorAccessorImpl.newInstance0(Native Method)
	at java.base/jdk.internal.reflect.NativeConstructorAccessorImpl.newInstance(NativeConstructorAccessorImpl.java:77)
	at java.base/jdk.internal.reflect.DelegatingConstructorAccessorImpl.newInstance(DelegatingConstructorAccessorImpl.java:45)
	at org.openqa.selenium.remote.http.W3CHttpResponseCodec.createException(W3CHttpResponseCodec.java:187)
	at org.openqa.selenium.remote.http.W3CHttpResponseCodec.decode(W3CHttpResponseCodec.java:122)
	at org.openqa.selenium.remote.http.W3CHttpResponseCodec.decode(W3CHttpResponseCodec.java:49)
	at org.openqa.selenium.remote.HttpCommandExecutor.execute(HttpCommandExecutor.java:158)
	at org.openqa.selenium.remote.service.DriverCommandExecutor.execute(DriverCommandExecutor.java:83)
	at org.openqa.selenium.remote.RemoteWebDriver.execute(RemoteWebDriver.java:552)
	at com.kms.katalon.selenium.driver.CChromeDriver.execute(CChromeDriver.java:19)
	at org.openqa.selenium.remote.RemoteWebDriver.get(RemoteWebDriver.java:277)
	at org.openqa.selenium.remote.RemoteWebDriver$RemoteNavigation.to(RemoteWebDriver.java:857)
	at org.openqa.selenium.support.events.EventFiringWebDriver$EventFiringNavigation.to(EventFiringWebDriver.java:569)
	at com.kms.katalon.core.webui.keyword.builtin.NavigateToUrlKeyword$_navigateToUrl_closure1.doCall(NavigateToUrlKeyword.groovy:81)
	at com.kms.katalon.core.webui.keyword.builtin.NavigateToUrlKeyword$_navigateToUrl_closure1.call(NavigateToUrlKeyword.groovy)
	at com.kms.katalon.core.webui.keyword.internal.WebUIKeywordMain.runKeyword(WebUIKeywordMain.groovy:20)
	... 20 more]]></system-out>
      <system-err><![CDATA[25-05-2024T20:50:13 - [TEST_SUITE][FAILED] - SauceDemo: Test Cases/VerifyBlankPassword FAILED.
Reason:
com.kms.katalon.core.exception.StepFailedException: Unable to navigate to 'https://www.saucedemo.com/v1/'
	at com.kms.katalon.core.webui.keyword.internal.WebUIKeywordMain.stepFailed(WebUIKeywordMain.groovy:64)
	at com.kms.katalon.core.webui.keyword.internal.WebUIKeywordMain.runKeyword(WebUIKeywordMain.groovy:26)
	at com.kms.katalon.core.webui.keyword.builtin.NavigateToUrlKeyword.navigateToUrl(NavigateToUrlKeyword.groovy:83)
	at com.kms.katalon.core.webui.keyword.builtin.NavigateToUrlKeyword.execute(NavigateToUrlKeyword.groovy:67)
	at com.kms.katalon.core.keyword.internal.KeywordExecutor.executeKeywordForPlatform(KeywordExecutor.groovy:74)
	at com.kms.katalon.core.webui.keyword.WebUiBuiltInKeywords.navigateToUrl(WebUiBuiltInKeywords.groovy:187)
	at VerifyBlankPassword.run(VerifyBlankPassword:22)
	at com.kms.katalon.core.main.ScriptEngine.run(ScriptEngine.java:194)
	at com.kms.katalon.core.main.ScriptEngine.runScriptAsRawText(ScriptEngine.java:119)
	at com.kms.katalon.core.main.TestCaseExecutor.runScript(TestCaseExecutor.java:448)
	at com.kms.katalon.core.main.TestCaseExecutor.doExecute(TestCaseExecutor.java:439)
	at com.kms.katalon.core.main.TestCaseExecutor.processExecutionPhase(TestCaseExecutor.java:418)
	at com.kms.katalon.core.main.TestCaseExecutor.accessMainPhase(TestCaseExecutor.java:410)
	at com.kms.katalon.core.main.TestCaseExecutor.execute(TestCaseExecutor.java:285)
	at com.kms.katalon.core.common.CommonExecutor.accessTestCaseMainPhase(CommonExecutor.java:65)
	at com.kms.katalon.core.main.TestSuiteExecutor.accessTestSuiteMainPhase(TestSuiteExecutor.java:150)
	at com.kms.katalon.core.main.TestSuiteExecutor.execute(TestSuiteExecutor.java:106)
	at com.kms.katalon.core.main.TestCaseMain.startTestSuite(TestCaseMain.java:180)
	at TempTestSuite1716650407632.run(TempTestSuite1716650407632.groovy:35)
	at java.base/jdk.internal.reflect.NativeMethodAccessorImpl.invoke0(Native Method)
	at java.base/jdk.internal.reflect.NativeMethodAccessorImpl.invoke(NativeMethodAccessorImpl.java:77)
	at java.base/jdk.internal.reflect.DelegatingMethodAccessorImpl.invoke(DelegatingMethodAccessorImpl.java:43)
Caused by: org.openqa.selenium.NoSuchWindowException: no such window: target window already closed
from unknown error: web view not found
  (Session info: chrome=125.0.6422.112)
Build info: version: '3.141.59', revision: 'e82be7d358', time: '2018-11-14T08:25:53'
System info: host: 'IN3514483W1', ip: '192.168.1.3', os.name: 'Windows 10', os.arch: 'amd64', os.version: '10.0', java.version: '17.0.7'
Driver info: com.kms.katalon.selenium.driver.CChromeDriver
Capabilities {acceptInsecureCerts: false, browserName: chrome, browserVersion: 125.0.6422.112, chrome: {chromedriverVersion: 125.0.6422.78 (14db42ec38ad..., userDataDir: C:\Users\EC682SV\AppData\Lo...}, fedcm:accounts: true, goog:chromeOptions: {debuggerAddress: localhost:62616}, javascriptEnabled: true, networkConnectionEnabled: false, pageLoadStrategy: normal, platform: WINDOWS, platformName: WINDOWS, proxy: Proxy(), setWindowRect: true, strictFileInteractability: false, timeouts: {implicit: 0, pageLoad: 300000, script: 30000}, unhandledPromptBehavior: dismiss and notify, webauthn:extension:credBlob: true, webauthn:extension:largeBlob: true, webauthn:extension:minPinLength: true, webauthn:extension:prf: true, webauthn:virtualAuthenticators: true}
Session ID: 626d1ece9417dbb3357fc1f3edc2b8a4
	at java.base/jdk.internal.reflect.NativeConstructorAccessorImpl.newInstance0(Native Method)
	at java.base/jdk.internal.reflect.NativeConstructorAccessorImpl.newInstance(NativeConstructorAccessorImpl.java:77)
	at java.base/jdk.internal.reflect.DelegatingConstructorAccessorImpl.newInstance(DelegatingConstructorAccessorImpl.java:45)
	at org.openqa.selenium.remote.http.W3CHttpResponseCodec.createException(W3CHttpResponseCodec.java:187)
	at org.openqa.selenium.remote.http.W3CHttpResponseCodec.decode(W3CHttpResponseCodec.java:122)
	at org.openqa.selenium.remote.http.W3CHttpResponseCodec.decode(W3CHttpResponseCodec.java:49)
	at org.openqa.selenium.remote.HttpCommandExecutor.execute(HttpCommandExecutor.java:158)
	at org.openqa.selenium.remote.service.DriverCommandExecutor.execute(DriverCommandExecutor.java:83)
	at org.openqa.selenium.remote.RemoteWebDriver.execute(RemoteWebDriver.java:552)
	at com.kms.katalon.selenium.driver.CChromeDriver.execute(CChromeDriver.java:19)
	at org.openqa.selenium.remote.RemoteWebDriver.get(RemoteWebDriver.java:277)
	at org.openqa.selenium.remote.RemoteWebDriver$RemoteNavigation.to(RemoteWebDriver.java:857)
	at org.openqa.selenium.support.events.EventFiringWebDriver$EventFiringNavigation.to(EventFiringWebDriver.java:569)
	at com.kms.katalon.core.webui.keyword.builtin.NavigateToUrlKeyword$_navigateToUrl_closure1.doCall(NavigateToUrlKeyword.groovy:81)
	at com.kms.katalon.core.webui.keyword.builtin.NavigateToUrlKeyword$_navigateToUrl_closure1.call(NavigateToUrlKeyword.groovy)
	at com.kms.katalon.core.webui.keyword.internal.WebUIKeywordMain.runKeyword(WebUIKeywordMain.groovy:20)
	... 20 more]]></system-err>
   </testsuite>
</testsuites>
